  ModuleSceneIntro.cpp
C:\Users\Alex Becerra\Documents\GitHub\OpenGL\Physics II - Bullet3D - Handout 05\PhysVehicle3D.h(1,9): warning C4068: pragma "onceStruct" desconocida
C:\Users\Alex Becerra\Documents\GitHub\OpenGL\Physics II - Bullet3D - Handout 05\ModuleSceneIntro.cpp(32,60): warning C4305: 'argumento': truncamiento de 'double' a 'float'
C:\Users\Alex Becerra\Documents\GitHub\OpenGL\Physics II - Bullet3D - Handout 05\ModuleSceneIntro.cpp(34,64): warning C4305: 'argumento': truncamiento de 'double' a 'float'
C:\Users\Alex Becerra\Documents\GitHub\OpenGL\Physics II - Bullet3D - Handout 05\ModuleSceneIntro.cpp(35,65): warning C4305: 'argumento': truncamiento de 'double' a 'float'
C:\Users\Alex Becerra\Documents\GitHub\OpenGL\Physics II - Bullet3D - Handout 05\ModuleSceneIntro.cpp(36,66): warning C4305: 'argumento': truncamiento de 'double' a 'float'
C:\Users\Alex Becerra\Documents\GitHub\OpenGL\Physics II - Bullet3D - Handout 05\ModuleSceneIntro.cpp(37,67): warning C4305: 'argumento': truncamiento de 'double' a 'float'
C:\Users\Alex Becerra\Documents\GitHub\OpenGL\Physics II - Bullet3D - Handout 05\ModuleSceneIntro.cpp(42,68): warning C4305: 'argumento': truncamiento de 'double' a 'float'
C:\Users\Alex Becerra\Documents\GitHub\OpenGL\Physics II - Bullet3D - Handout 05\ModuleSceneIntro.cpp(43,66): warning C4305: 'argumento': truncamiento de 'double' a 'float'
C:\Users\Alex Becerra\Documents\GitHub\OpenGL\Physics II - Bullet3D - Handout 05\ModuleSceneIntro.cpp(47,77): warning C4305: 'argumento': truncamiento de 'double' a 'float'
C:\Users\Alex Becerra\Documents\GitHub\OpenGL\Physics II - Bullet3D - Handout 05\ModuleSceneIntro.cpp(50,76): warning C4305: 'argumento': truncamiento de 'double' a 'float'
C:\Users\Alex Becerra\Documents\GitHub\OpenGL\Physics II - Bullet3D - Handout 05\ModuleSceneIntro.cpp(51,76): warning C4305: 'argumento': truncamiento de 'double' a 'float'
C:\Users\Alex Becerra\Documents\GitHub\OpenGL\Physics II - Bullet3D - Handout 05\ModuleSceneIntro.cpp(55,83): warning C4305: 'argumento': truncamiento de 'double' a 'float'
C:\Users\Alex Becerra\Documents\GitHub\OpenGL\Physics II - Bullet3D - Handout 05\ModuleSceneIntro.cpp(56,90): warning C4305: 'argumento': truncamiento de 'double' a 'float'
C:\Users\Alex Becerra\Documents\GitHub\OpenGL\Physics II - Bullet3D - Handout 05\ModuleSceneIntro.cpp(57,101): warning C4305: 'argumento': truncamiento de 'double' a 'float'
C:\Users\Alex Becerra\Documents\GitHub\OpenGL\Physics II - Bullet3D - Handout 05\ModuleSceneIntro.cpp(59,82): warning C4305: 'argumento': truncamiento de 'double' a 'float'
C:\Users\Alex Becerra\Documents\GitHub\OpenGL\Physics II - Bullet3D - Handout 05\ModuleSceneIntro.cpp(60,85): warning C4305: 'argumento': truncamiento de 'double' a 'float'
C:\Users\Alex Becerra\Documents\GitHub\OpenGL\Physics II - Bullet3D - Handout 05\ModuleSceneIntro.cpp(61,92): warning C4305: 'argumento': truncamiento de 'double' a 'float'
C:\Users\Alex Becerra\Documents\GitHub\OpenGL\Physics II - Bullet3D - Handout 05\ModuleSceneIntro.cpp(62,83): warning C4305: 'argumento': truncamiento de 'double' a 'float'
C:\Users\Alex Becerra\Documents\GitHub\OpenGL\Physics II - Bullet3D - Handout 05\ModuleSceneIntro.cpp(63,82): warning C4305: 'argumento': truncamiento de 'double' a 'float'
C:\Users\Alex Becerra\Documents\GitHub\OpenGL\Physics II - Bullet3D - Handout 05\ModuleSceneIntro.cpp(64,88): warning C4305: 'argumento': truncamiento de 'double' a 'float'
C:\Users\Alex Becerra\Documents\GitHub\OpenGL\Physics II - Bullet3D - Handout 05\ModuleSceneIntro.cpp(69,76): warning C4305: 'argumento': truncamiento de 'double' a 'float'
C:\Users\Alex Becerra\Documents\GitHub\OpenGL\Physics II - Bullet3D - Handout 05\ModuleSceneIntro.cpp(70,67): warning C4305: 'argumento': truncamiento de 'double' a 'float'
C:\Users\Alex Becerra\Documents\GitHub\OpenGL\Physics II - Bullet3D - Handout 05\ModuleSceneIntro.cpp(71,67): warning C4305: 'argumento': truncamiento de 'double' a 'float'
C:\Users\Alex Becerra\Documents\GitHub\OpenGL\Physics II - Bullet3D - Handout 05\ModuleSceneIntro.cpp(72,67): warning C4305: 'argumento': truncamiento de 'double' a 'float'
C:\Users\Alex Becerra\Documents\GitHub\OpenGL\Physics II - Bullet3D - Handout 05\ModuleSceneIntro.cpp(74,74): warning C4305: 'argumento': truncamiento de 'double' a 'float'
C:\Users\Alex Becerra\Documents\GitHub\OpenGL\Physics II - Bullet3D - Handout 05\ModuleSceneIntro.cpp(75,65): warning C4305: 'argumento': truncamiento de 'double' a 'float'
C:\Users\Alex Becerra\Documents\GitHub\OpenGL\Physics II - Bullet3D - Handout 05\ModuleSceneIntro.cpp(76,65): warning C4305: 'argumento': truncamiento de 'double' a 'float'
C:\Users\Alex Becerra\Documents\GitHub\OpenGL\Physics II - Bullet3D - Handout 05\ModuleSceneIntro.cpp(77,67): warning C4305: 'argumento': truncamiento de 'double' a 'float'
C:\Users\Alex Becerra\Documents\GitHub\OpenGL\Physics II - Bullet3D - Handout 05\ModuleSceneIntro.cpp(79,74): warning C4305: 'argumento': truncamiento de 'double' a 'float'
C:\Users\Alex Becerra\Documents\GitHub\OpenGL\Physics II - Bullet3D - Handout 05\ModuleSceneIntro.cpp(80,67): warning C4305: 'argumento': truncamiento de 'double' a 'float'
C:\Users\Alex Becerra\Documents\GitHub\OpenGL\Physics II - Bullet3D - Handout 05\ModuleSceneIntro.cpp(81,67): warning C4305: 'argumento': truncamiento de 'double' a 'float'
C:\Users\Alex Becerra\Documents\GitHub\OpenGL\Physics II - Bullet3D - Handout 05\ModuleSceneIntro.cpp(82,69): warning C4305: 'argumento': truncamiento de 'double' a 'float'
C:\Users\Alex Becerra\Documents\GitHub\OpenGL\Physics II - Bullet3D - Handout 05\ModuleSceneIntro.cpp(84,92): warning C4305: 'argumento': truncamiento de 'double' a 'float'
C:\Users\Alex Becerra\Documents\GitHub\OpenGL\Physics II - Bullet3D - Handout 05\ModuleSceneIntro.cpp(85,93): warning C4305: 'argumento': truncamiento de 'double' a 'float'
C:\Users\Alex Becerra\Documents\GitHub\OpenGL\Physics II - Bullet3D - Handout 05\ModuleSceneIntro.cpp(86,93): warning C4305: 'argumento': truncamiento de 'double' a 'float'
C:\Users\Alex Becerra\Documents\GitHub\OpenGL\Physics II - Bullet3D - Handout 05\ModuleSceneIntro.cpp(87,94): warning C4305: 'argumento': truncamiento de 'double' a 'float'
C:\Users\Alex Becerra\Documents\GitHub\OpenGL\Physics II - Bullet3D - Handout 05\ModuleSceneIntro.cpp(89,92): warning C4305: 'argumento': truncamiento de 'double' a 'float'
C:\Users\Alex Becerra\Documents\GitHub\OpenGL\Physics II - Bullet3D - Handout 05\ModuleSceneIntro.cpp(90,93): warning C4305: 'argumento': truncamiento de 'double' a 'float'
C:\Users\Alex Becerra\Documents\GitHub\OpenGL\Physics II - Bullet3D - Handout 05\ModuleSceneIntro.cpp(91,93): warning C4305: 'argumento': truncamiento de 'double' a 'float'
C:\Users\Alex Becerra\Documents\GitHub\OpenGL\Physics II - Bullet3D - Handout 05\ModuleSceneIntro.cpp(92,94): warning C4305: 'argumento': truncamiento de 'double' a 'float'
C:\Users\Alex Becerra\Documents\GitHub\OpenGL\Physics II - Bullet3D - Handout 05\ModuleSceneIntro.cpp(94,92): warning C4305: 'argumento': truncamiento de 'double' a 'float'
C:\Users\Alex Becerra\Documents\GitHub\OpenGL\Physics II - Bullet3D - Handout 05\ModuleSceneIntro.cpp(95,93): warning C4305: 'argumento': truncamiento de 'double' a 'float'
C:\Users\Alex Becerra\Documents\GitHub\OpenGL\Physics II - Bullet3D - Handout 05\ModuleSceneIntro.cpp(96,93): warning C4305: 'argumento': truncamiento de 'double' a 'float'
C:\Users\Alex Becerra\Documents\GitHub\OpenGL\Physics II - Bullet3D - Handout 05\ModuleSceneIntro.cpp(97,94): warning C4305: 'argumento': truncamiento de 'double' a 'float'
C:\Users\Alex Becerra\Documents\GitHub\OpenGL\Physics II - Bullet3D - Handout 05\ModuleSceneIntro.cpp(99,92): warning C4305: 'argumento': truncamiento de 'double' a 'float'
C:\Users\Alex Becerra\Documents\GitHub\OpenGL\Physics II - Bullet3D - Handout 05\ModuleSceneIntro.cpp(100,93): warning C4305: 'argumento': truncamiento de 'double' a 'float'
C:\Users\Alex Becerra\Documents\GitHub\OpenGL\Physics II - Bullet3D - Handout 05\ModuleSceneIntro.cpp(101,93): warning C4305: 'argumento': truncamiento de 'double' a 'float'
C:\Users\Alex Becerra\Documents\GitHub\OpenGL\Physics II - Bullet3D - Handout 05\ModuleSceneIntro.cpp(102,94): warning C4305: 'argumento': truncamiento de 'double' a 'float'
C:\Users\Alex Becerra\Documents\GitHub\OpenGL\Physics II - Bullet3D - Handout 05\ModuleSceneIntro.cpp(104,92): warning C4305: 'argumento': truncamiento de 'double' a 'float'
C:\Users\Alex Becerra\Documents\GitHub\OpenGL\Physics II - Bullet3D - Handout 05\ModuleSceneIntro.cpp(105,98): warning C4305: 'argumento': truncamiento de 'double' a 'float'
C:\Users\Alex Becerra\Documents\GitHub\OpenGL\Physics II - Bullet3D - Handout 05\ModuleSceneIntro.cpp(106,98): warning C4305: 'argumento': truncamiento de 'double' a 'float'
C:\Users\Alex Becerra\Documents\GitHub\OpenGL\Physics II - Bullet3D - Handout 05\ModuleSceneIntro.cpp(107,99): warning C4305: 'argumento': truncamiento de 'double' a 'float'
C:\Users\Alex Becerra\Documents\GitHub\OpenGL\Physics II - Bullet3D - Handout 05\ModuleSceneIntro.cpp(109,92): warning C4305: 'argumento': truncamiento de 'double' a 'float'
C:\Users\Alex Becerra\Documents\GitHub\OpenGL\Physics II - Bullet3D - Handout 05\ModuleSceneIntro.cpp(113,102): warning C4305: 'argumento': truncamiento de 'double' a 'float'
C:\Users\Alex Becerra\Documents\GitHub\OpenGL\Physics II - Bullet3D - Handout 05\ModuleSceneIntro.cpp(118,45): warning C4305: 'argumento': truncamiento de 'int' a 'bool'
C:\Users\Alex Becerra\Documents\GitHub\OpenGL\Physics II - Bullet3D - Handout 05\ModuleSceneIntro.cpp(120,55): warning C4305: 'argumento': truncamiento de 'int' a 'bool'
C:\Users\Alex Becerra\Documents\GitHub\OpenGL\Physics II - Bullet3D - Handout 05\ModuleSceneIntro.cpp(120,55): warning C4305: 'argumento': truncamiento de 'double' a 'float'
C:\Users\Alex Becerra\Documents\GitHub\OpenGL\Physics II - Bullet3D - Handout 05\ModuleSceneIntro.cpp(122,54): warning C4305: 'argumento': truncamiento de 'int' a 'bool'
C:\Users\Alex Becerra\Documents\GitHub\OpenGL\Physics II - Bullet3D - Handout 05\ModuleSceneIntro.cpp(122,54): warning C4305: 'argumento': truncamiento de 'double' a 'float'
C:\Users\Alex Becerra\Documents\GitHub\OpenGL\Physics II - Bullet3D - Handout 05\ModuleSceneIntro.cpp(124,51): warning C4305: 'argumento': truncamiento de 'int' a 'bool'
C:\Users\Alex Becerra\Documents\GitHub\OpenGL\Physics II - Bullet3D - Handout 05\ModuleSceneIntro.cpp(126,55): warning C4305: 'argumento': truncamiento de 'int' a 'bool'
C:\Users\Alex Becerra\Documents\GitHub\OpenGL\Physics II - Bullet3D - Handout 05\ModuleSceneIntro.cpp(126,55): warning C4305: 'argumento': truncamiento de 'double' a 'float'
C:\Users\Alex Becerra\Documents\GitHub\OpenGL\Physics II - Bullet3D - Handout 05\ModuleSceneIntro.cpp(128,56): warning C4305: 'argumento': truncamiento de 'int' a 'bool'
C:\Users\Alex Becerra\Documents\GitHub\OpenGL\Physics II - Bullet3D - Handout 05\ModuleSceneIntro.cpp(128,56): warning C4305: 'argumento': truncamiento de 'double' a 'float'
C:\Users\Alex Becerra\Documents\GitHub\OpenGL\Physics II - Bullet3D - Handout 05\ModuleSceneIntro.cpp(130,54): warning C4305: 'argumento': truncamiento de 'int' a 'bool'
C:\Users\Alex Becerra\Documents\GitHub\OpenGL\Physics II - Bullet3D - Handout 05\ModuleSceneIntro.cpp(130,54): warning C4305: 'argumento': truncamiento de 'double' a 'float'
C:\Users\Alex Becerra\Documents\GitHub\OpenGL\Physics II - Bullet3D - Handout 05\ModuleSceneIntro.cpp(132,56): warning C4305: 'argumento': truncamiento de 'int' a 'bool'
C:\Users\Alex Becerra\Documents\GitHub\OpenGL\Physics II - Bullet3D - Handout 05\ModuleSceneIntro.cpp(132,56): warning C4305: 'argumento': truncamiento de 'double' a 'float'
C:\Users\Alex Becerra\Documents\GitHub\OpenGL\Physics II - Bullet3D - Handout 05\ModuleSceneIntro.cpp(135,67): warning C4305: 'argumento': truncamiento de 'int' a 'bool'
C:\Users\Alex Becerra\Documents\GitHub\OpenGL\Physics II - Bullet3D - Handout 05\ModuleSceneIntro.cpp(135,67): warning C4305: 'argumento': truncamiento de 'double' a 'float'
C:\Users\Alex Becerra\Documents\GitHub\OpenGL\Physics II - Bullet3D - Handout 05\ModuleSceneIntro.cpp(137,56): warning C4305: 'argumento': truncamiento de 'int' a 'bool'
C:\Users\Alex Becerra\Documents\GitHub\OpenGL\Physics II - Bullet3D - Handout 05\ModuleSceneIntro.cpp(137,56): warning C4305: 'argumento': truncamiento de 'double' a 'float'
C:\Users\Alex Becerra\Documents\GitHub\OpenGL\Physics II - Bullet3D - Handout 05\ModuleSceneIntro.cpp(138,55): warning C4305: 'argumento': truncamiento de 'int' a 'bool'
C:\Users\Alex Becerra\Documents\GitHub\OpenGL\Physics II - Bullet3D - Handout 05\ModuleSceneIntro.cpp(138,55): warning C4305: 'argumento': truncamiento de 'double' a 'float'
C:\Users\Alex Becerra\Documents\GitHub\OpenGL\Physics II - Bullet3D - Handout 05\ModuleSceneIntro.cpp(139,57): warning C4305: 'argumento': truncamiento de 'int' a 'bool'
C:\Users\Alex Becerra\Documents\GitHub\OpenGL\Physics II - Bullet3D - Handout 05\ModuleSceneIntro.cpp(139,57): warning C4305: 'argumento': truncamiento de 'double' a 'float'
C:\Users\Alex Becerra\Documents\GitHub\OpenGL\Physics II - Bullet3D - Handout 05\ModuleSceneIntro.cpp(140,58): warning C4305: 'argumento': truncamiento de 'int' a 'bool'
C:\Users\Alex Becerra\Documents\GitHub\OpenGL\Physics II - Bullet3D - Handout 05\ModuleSceneIntro.cpp(140,58): warning C4305: 'argumento': truncamiento de 'double' a 'float'
C:\Users\Alex Becerra\Documents\GitHub\OpenGL\Physics II - Bullet3D - Handout 05\ModuleSceneIntro.cpp(141,56): warning C4305: 'argumento': truncamiento de 'int' a 'bool'
C:\Users\Alex Becerra\Documents\GitHub\OpenGL\Physics II - Bullet3D - Handout 05\ModuleSceneIntro.cpp(142,55): warning C4305: 'argumento': truncamiento de 'int' a 'bool'
C:\Users\Alex Becerra\Documents\GitHub\OpenGL\Physics II - Bullet3D - Handout 05\ModuleSceneIntro.cpp(142,55): warning C4305: 'argumento': truncamiento de 'double' a 'float'
C:\Users\Alex Becerra\Documents\GitHub\OpenGL\Physics II - Bullet3D - Handout 05\ModuleSceneIntro.cpp(146,58): warning C4305: 'argumento': truncamiento de 'int' a 'bool'
C:\Users\Alex Becerra\Documents\GitHub\OpenGL\Physics II - Bullet3D - Handout 05\ModuleSceneIntro.cpp(146,58): warning C4305: 'argumento': truncamiento de 'double' a 'float'
C:\Users\Alex Becerra\Documents\GitHub\OpenGL\Physics II - Bullet3D - Handout 05\ModuleSceneIntro.cpp(151,71): warning C4305: 'argumento': truncamiento de 'double' a 'float'
C:\Users\Alex Becerra\Documents\GitHub\OpenGL\Physics II - Bullet3D - Handout 05\ModuleSceneIntro.cpp(152,70): warning C4305: 'argumento': truncamiento de 'double' a 'float'
C:\Users\Alex Becerra\Documents\GitHub\OpenGL\Physics II - Bullet3D - Handout 05\ModuleSceneIntro.cpp(154,66): warning C4305: 'argumento': truncamiento de 'double' a 'float'
C:\Users\Alex Becerra\Documents\GitHub\OpenGL\Physics II - Bullet3D - Handout 05\ModuleSceneIntro.cpp(155,67): warning C4305: 'argumento': truncamiento de 'double' a 'float'
C:\Users\Alex Becerra\Documents\GitHub\OpenGL\Physics II - Bullet3D - Handout 05\ModuleSceneIntro.cpp(156,67): warning C4305: 'argumento': truncamiento de 'double' a 'float'
C:\Users\Alex Becerra\Documents\GitHub\OpenGL\Physics II - Bullet3D - Handout 05\ModuleSceneIntro.cpp(157,68): warning C4305: 'argumento': truncamiento de 'double' a 'float'
C:\Users\Alex Becerra\Documents\GitHub\OpenGL\Physics II - Bullet3D - Handout 05\ModuleSceneIntro.cpp(158,66): warning C4305: 'argumento': truncamiento de 'double' a 'float'
C:\Users\Alex Becerra\Documents\GitHub\OpenGL\Physics II - Bullet3D - Handout 05\ModuleSceneIntro.cpp(160,65): warning C4305: 'argumento': truncamiento de 'double' a 'float'
C:\Users\Alex Becerra\Documents\GitHub\OpenGL\Physics II - Bullet3D - Handout 05\ModuleSceneIntro.cpp(163,67): warning C4305: 'argumento': truncamiento de 'double' a 'float'
C:\Users\Alex Becerra\Documents\GitHub\OpenGL\Physics II - Bullet3D - Handout 05\ModuleSceneIntro.cpp(166,67): warning C4305: 'argumento': truncamiento de 'double' a 'float'
C:\Users\Alex Becerra\Documents\GitHub\OpenGL\Physics II - Bullet3D - Handout 05\ModuleSceneIntro.cpp(169,64): warning C4305: 'argumento': truncamiento de 'double' a 'float'
C:\Users\Alex Becerra\Documents\GitHub\OpenGL\Physics II - Bullet3D - Handout 05\ModuleSceneIntro.cpp(170,66): warning C4305: 'argumento': truncamiento de 'double' a 'float'
C:\Users\Alex Becerra\Documents\GitHub\OpenGL\Physics II - Bullet3D - Handout 05\ModuleSceneIntro.cpp(171,66): warning C4305: 'argumento': truncamiento de 'double' a 'float'
C:\Users\Alex Becerra\Documents\GitHub\OpenGL\Physics II - Bullet3D - Handout 05\ModuleSceneIntro.cpp(172,67): warning C4305: 'argumento': truncamiento de 'double' a 'float'
C:\Users\Alex Becerra\Documents\GitHub\OpenGL\Physics II - Bullet3D - Handout 05\ModuleSceneIntro.cpp(173,68): warning C4305: 'argumento': truncamiento de 'double' a 'float'
C:\Users\Alex Becerra\Documents\GitHub\OpenGL\Physics II - Bullet3D - Handout 05\ModuleSceneIntro.cpp(175,65): warning C4305: 'argumento': truncamiento de 'double' a 'float'
C:\Users\Alex Becerra\Documents\GitHub\OpenGL\Physics II - Bullet3D - Handout 05\ModuleSceneIntro.cpp(187,67): warning C4305: 'argumento': truncamiento de 'double' a 'float'
C:\Users\Alex Becerra\Documents\GitHub\OpenGL\Physics II - Bullet3D - Handout 05\ModuleSceneIntro.cpp(188,73): warning C4305: 'argumento': truncamiento de 'double' a 'float'
C:\Users\Alex Becerra\Documents\GitHub\OpenGL\Physics II - Bullet3D - Handout 05\ModuleSceneIntro.cpp(189,79): warning C4305: 'argumento': truncamiento de 'double' a 'float'
C:\Users\Alex Becerra\Documents\GitHub\OpenGL\Physics II - Bullet3D - Handout 05\ModuleSceneIntro.cpp(190,63): warning C4305: 'argumento': truncamiento de 'double' a 'float'
C:\Users\Alex Becerra\Documents\GitHub\OpenGL\Physics II - Bullet3D - Handout 05\ModuleSceneIntro.cpp(193,65): warning C4305: 'argumento': truncamiento de 'double' a 'float'
C:\Users\Alex Becerra\Documents\GitHub\OpenGL\Physics II - Bullet3D - Handout 05\ModuleSceneIntro.cpp(196,67): warning C4305: 'argumento': truncamiento de 'double' a 'float'
C:\Users\Alex Becerra\Documents\GitHub\OpenGL\Physics II - Bullet3D - Handout 05\ModuleSceneIntro.cpp(197,67): warning C4305: 'argumento': truncamiento de 'double' a 'float'
C:\Users\Alex Becerra\Documents\GitHub\OpenGL\Physics II - Bullet3D - Handout 05\ModuleSceneIntro.cpp(198,67): warning C4305: 'argumento': truncamiento de 'double' a 'float'
C:\Users\Alex Becerra\Documents\GitHub\OpenGL\Physics II - Bullet3D - Handout 05\ModuleSceneIntro.cpp(199,69): warning C4305: 'argumento': truncamiento de 'double' a 'float'
C:\Users\Alex Becerra\Documents\GitHub\OpenGL\Physics II - Bullet3D - Handout 05\ModuleSceneIntro.cpp(206,62): warning C4305: 'argumento': truncamiento de 'double' a 'float'
C:\Users\Alex Becerra\Documents\GitHub\OpenGL\Physics II - Bullet3D - Handout 05\ModuleSceneIntro.cpp(211,58): warning C4305: 'argumento': truncamiento de 'double' a 'float'
C:\Users\Alex Becerra\Documents\GitHub\OpenGL\Physics II - Bullet3D - Handout 05\ModuleSceneIntro.cpp(212,62): warning C4305: 'argumento': truncamiento de 'double' a 'float'
C:\Users\Alex Becerra\Documents\GitHub\OpenGL\Physics II - Bullet3D - Handout 05\ModuleSceneIntro.cpp(213,63): warning C4305: 'argumento': truncamiento de 'double' a 'float'
C:\Users\Alex Becerra\Documents\GitHub\OpenGL\Physics II - Bullet3D - Handout 05\ModuleSceneIntro.cpp(214,64): warning C4305: 'argumento': truncamiento de 'double' a 'float'
C:\Users\Alex Becerra\Documents\GitHub\OpenGL\Physics II - Bullet3D - Handout 05\ModuleSceneIntro.cpp(215,65): warning C4305: 'argumento': truncamiento de 'double' a 'float'
C:\Users\Alex Becerra\Documents\GitHub\OpenGL\Physics II - Bullet3D - Handout 05\ModuleSceneIntro.cpp(216,66): warning C4305: 'argumento': truncamiento de 'double' a 'float'
C:\Users\Alex Becerra\Documents\GitHub\OpenGL\Physics II - Bullet3D - Handout 05\ModuleSceneIntro.cpp(217,64): warning C4305: 'argumento': truncamiento de 'double' a 'float'
C:\Users\Alex Becerra\Documents\GitHub\OpenGL\Physics II - Bullet3D - Handout 05\ModuleSceneIntro.cpp(218,75): warning C4305: 'argumento': truncamiento de 'double' a 'float'
C:\Users\Alex Becerra\Documents\GitHub\OpenGL\Physics II - Bullet3D - Handout 05\ModuleSceneIntro.cpp(219,74): warning C4305: 'argumento': truncamiento de 'double' a 'float'
C:\Users\Alex Becerra\Documents\GitHub\OpenGL\Physics II - Bullet3D - Handout 05\ModuleSceneIntro.cpp(220,74): warning C4305: 'argumento': truncamiento de 'double' a 'float'
C:\Users\Alex Becerra\Documents\GitHub\OpenGL\Physics II - Bullet3D - Handout 05\ModuleSceneIntro.cpp(221,81): warning C4305: 'argumento': truncamiento de 'double' a 'float'
C:\Users\Alex Becerra\Documents\GitHub\OpenGL\Physics II - Bullet3D - Handout 05\ModuleSceneIntro.cpp(222,81): warning C4305: 'argumento': truncamiento de 'double' a 'float'
C:\Users\Alex Becerra\Documents\GitHub\OpenGL\Physics II - Bullet3D - Handout 05\ModuleSceneIntro.cpp(226,74): warning C4305: 'argumento': truncamiento de 'double' a 'float'
C:\Users\Alex Becerra\Documents\GitHub\OpenGL\Physics II - Bullet3D - Handout 05\ModuleSceneIntro.cpp(229,72): warning C4305: 'argumento': truncamiento de 'double' a 'float'
C:\Users\Alex Becerra\Documents\GitHub\OpenGL\Physics II - Bullet3D - Handout 05\ModuleSceneIntro.cpp(232,73): warning C4305: 'argumento': truncamiento de 'double' a 'float'
C:\Users\Alex Becerra\Documents\GitHub\OpenGL\Physics II - Bullet3D - Handout 05\ModuleSceneIntro.cpp(235,90): warning C4305: 'argumento': truncamiento de 'double' a 'float'
C:\Users\Alex Becerra\Documents\GitHub\OpenGL\Physics II - Bullet3D - Handout 05\ModuleSceneIntro.cpp(238,90): warning C4305: 'argumento': truncamiento de 'double' a 'float'
C:\Users\Alex Becerra\Documents\GitHub\OpenGL\Physics II - Bullet3D - Handout 05\ModuleSceneIntro.cpp(240,90): warning C4305: 'argumento': truncamiento de 'double' a 'float'
C:\Users\Alex Becerra\Documents\GitHub\OpenGL\Physics II - Bullet3D - Handout 05\ModuleSceneIntro.cpp(245,78): warning C4305: 'argumento': truncamiento de 'double' a 'float'
C:\Users\Alex Becerra\Documents\GitHub\OpenGL\Physics II - Bullet3D - Handout 05\ModuleSceneIntro.cpp(246,80): warning C4305: 'argumento': truncamiento de 'double' a 'float'
C:\Users\Alex Becerra\Documents\GitHub\OpenGL\Physics II - Bullet3D - Handout 05\ModuleSceneIntro.cpp(247,76): warning C4305: 'argumento': truncamiento de 'double' a 'float'
C:\Users\Alex Becerra\Documents\GitHub\OpenGL\Physics II - Bullet3D - Handout 05\ModuleSceneIntro.cpp(248,63): warning C4305: 'argumento': truncamiento de 'double' a 'float'
C:\Users\Alex Becerra\Documents\GitHub\OpenGL\Physics II - Bullet3D - Handout 05\ModuleSceneIntro.cpp(249,67): warning C4305: 'argumento': truncamiento de 'double' a 'float'
C:\Users\Alex Becerra\Documents\GitHub\OpenGL\Physics II - Bullet3D - Handout 05\ModuleSceneIntro.cpp(250,69): warning C4305: 'argumento': truncamiento de 'double' a 'float'
C:\Users\Alex Becerra\Documents\GitHub\OpenGL\Physics II - Bullet3D - Handout 05\ModuleSceneIntro.cpp(251,66): warning C4305: 'argumento': truncamiento de 'double' a 'float'
C:\Users\Alex Becerra\Documents\GitHub\OpenGL\Physics II - Bullet3D - Handout 05\ModuleSceneIntro.cpp(252,70): warning C4305: 'argumento': truncamiento de 'double' a 'float'
C:\Users\Alex Becerra\Documents\GitHub\OpenGL\Physics II - Bullet3D - Handout 05\ModuleSceneIntro.cpp(253,70): warning C4305: 'argumento': truncamiento de 'double' a 'float'
C:\Users\Alex Becerra\Documents\GitHub\OpenGL\Physics II - Bullet3D - Handout 05\ModuleSceneIntro.cpp(254,64): warning C4305: 'argumento': truncamiento de 'double' a 'float'
C:\Users\Alex Becerra\Documents\GitHub\OpenGL\Physics II - Bullet3D - Handout 05\ModuleSceneIntro.cpp(255,68): warning C4305: 'argumento': truncamiento de 'double' a 'float'
C:\Users\Alex Becerra\Documents\GitHub\OpenGL\Physics II - Bullet3D - Handout 05\ModuleSceneIntro.cpp(256,68): warning C4305: 'argumento': truncamiento de 'double' a 'float'
C:\Users\Alex Becerra\Documents\GitHub\OpenGL\Physics II - Bullet3D - Handout 05\ModuleSceneIntro.cpp(257,65): warning C4305: 'argumento': truncamiento de 'double' a 'float'
C:\Users\Alex Becerra\Documents\GitHub\OpenGL\Physics II - Bullet3D - Handout 05\ModuleSceneIntro.cpp(258,69): warning C4305: 'argumento': truncamiento de 'double' a 'float'
C:\Users\Alex Becerra\Documents\GitHub\OpenGL\Physics II - Bullet3D - Handout 05\ModuleSceneIntro.cpp(259,69): warning C4305: 'argumento': truncamiento de 'double' a 'float'
C:\Users\Alex Becerra\Documents\GitHub\OpenGL\Physics II - Bullet3D - Handout 05\ModuleSceneIntro.cpp(262,90): warning C4305: 'argumento': truncamiento de 'double' a 'float'
C:\Users\Alex Becerra\Documents\GitHub\OpenGL\Physics II - Bullet3D - Handout 05\ModuleSceneIntro.cpp(265,90): warning C4305: 'argumento': truncamiento de 'double' a 'float'
C:\Users\Alex Becerra\Documents\GitHub\OpenGL\Physics II - Bullet3D - Handout 05\ModuleSceneIntro.cpp(267,90): warning C4305: 'argumento': truncamiento de 'double' a 'float'
C:\Users\Alex Becerra\Documents\GitHub\OpenGL\Physics II - Bullet3D - Handout 05\ModuleSceneIntro.cpp(270,100): warning C4305: 'argumento': truncamiento de 'double' a 'float'
C:\Users\Alex Becerra\Documents\GitHub\OpenGL\Physics II - Bullet3D - Handout 05\ModuleSceneIntro.cpp(274,64): warning C4305: 'argumento': truncamiento de 'double' a 'float'
C:\Users\Alex Becerra\Documents\GitHub\OpenGL\Physics II - Bullet3D - Handout 05\ModuleSceneIntro.cpp(275,66): warning C4305: 'argumento': truncamiento de 'double' a 'float'
C:\Users\Alex Becerra\Documents\GitHub\OpenGL\Physics II - Bullet3D - Handout 05\ModuleSceneIntro.cpp(276,64): warning C4305: 'argumento': truncamiento de 'double' a 'float'
C:\Users\Alex Becerra\Documents\GitHub\OpenGL\Physics II - Bullet3D - Handout 05\ModuleSceneIntro.cpp(277,65): warning C4305: 'argumento': truncamiento de 'double' a 'float'
C:\Users\Alex Becerra\Documents\GitHub\OpenGL\Physics II - Bullet3D - Handout 05\ModuleSceneIntro.cpp(278,65): warning C4305: 'argumento': truncamiento de 'double' a 'float'
C:\Users\Alex Becerra\Documents\GitHub\OpenGL\Physics II - Bullet3D - Handout 05\ModuleSceneIntro.cpp(279,66): warning C4305: 'argumento': truncamiento de 'double' a 'float'
C:\Users\Alex Becerra\Documents\GitHub\OpenGL\Physics II - Bullet3D - Handout 05\ModuleSceneIntro.cpp(280,64): warning C4305: 'argumento': truncamiento de 'double' a 'float'
C:\Users\Alex Becerra\Documents\GitHub\OpenGL\Physics II - Bullet3D - Handout 05\ModuleSceneIntro.cpp(281,63): warning C4305: 'argumento': truncamiento de 'double' a 'float'
C:\Users\Alex Becerra\Documents\GitHub\OpenGL\Physics II - Bullet3D - Handout 05\ModuleSceneIntro.cpp(282,65): warning C4305: 'argumento': truncamiento de 'double' a 'float'
C:\Users\Alex Becerra\Documents\GitHub\OpenGL\Physics II - Bullet3D - Handout 05\ModuleSceneIntro.cpp(283,64): warning C4305: 'argumento': truncamiento de 'double' a 'float'
C:\Users\Alex Becerra\Documents\GitHub\OpenGL\Physics II - Bullet3D - Handout 05\ModuleSceneIntro.cpp(284,65): warning C4305: 'argumento': truncamiento de 'double' a 'float'
C:\Users\Alex Becerra\Documents\GitHub\OpenGL\Physics II - Bullet3D - Handout 05\ModuleSceneIntro.cpp(285,62): warning C4305: 'argumento': truncamiento de 'double' a 'float'
C:\Users\Alex Becerra\Documents\GitHub\OpenGL\Physics II - Bullet3D - Handout 05\ModuleSceneIntro.cpp(286,64): warning C4305: 'argumento': truncamiento de 'double' a 'float'
C:\Users\Alex Becerra\Documents\GitHub\OpenGL\Physics II - Bullet3D - Handout 05\ModuleSceneIntro.cpp(287,64): warning C4305: 'argumento': truncamiento de 'double' a 'float'
C:\Users\Alex Becerra\Documents\GitHub\OpenGL\Physics II - Bullet3D - Handout 05\ModuleSceneIntro.cpp(288,65): warning C4305: 'argumento': truncamiento de 'double' a 'float'
C:\Users\Alex Becerra\Documents\GitHub\OpenGL\Physics II - Bullet3D - Handout 05\ModuleSceneIntro.cpp(289,66): warning C4305: 'argumento': truncamiento de 'double' a 'float'
C:\Users\Alex Becerra\Documents\GitHub\OpenGL\Physics II - Bullet3D - Handout 05\ModuleSceneIntro.cpp(290,63): warning C4305: 'argumento': truncamiento de 'double' a 'float'
C:\Users\Alex Becerra\Documents\GitHub\OpenGL\Physics II - Bullet3D - Handout 05\ModuleSceneIntro.cpp(292,63): warning C4305: 'argumento': truncamiento de 'double' a 'float'
C:\Users\Alex Becerra\Documents\GitHub\OpenGL\Physics II - Bullet3D - Handout 05\ModuleSceneIntro.cpp(294,65): warning C4305: 'argumento': truncamiento de 'double' a 'float'
C:\Users\Alex Becerra\Documents\GitHub\OpenGL\Physics II - Bullet3D - Handout 05\ModuleSceneIntro.cpp(295,65): warning C4305: 'argumento': truncamiento de 'double' a 'float'
C:\Users\Alex Becerra\Documents\GitHub\OpenGL\Physics II - Bullet3D - Handout 05\ModuleSceneIntro.cpp(296,65): warning C4305: 'argumento': truncamiento de 'double' a 'float'
C:\Users\Alex Becerra\Documents\GitHub\OpenGL\Physics II - Bullet3D - Handout 05\ModuleSceneIntro.cpp(297,67): warning C4305: 'argumento': truncamiento de 'double' a 'float'
C:\Users\Alex Becerra\Documents\GitHub\OpenGL\Physics II - Bullet3D - Handout 05\ModuleSceneIntro.cpp(301,63): warning C4305: 'argumento': truncamiento de 'double' a 'float'
C:\Users\Alex Becerra\Documents\GitHub\OpenGL\Physics II - Bullet3D - Handout 05\ModuleSceneIntro.cpp(302,69): warning C4305: 'argumento': truncamiento de 'double' a 'float'
C:\Users\Alex Becerra\Documents\GitHub\OpenGL\Physics II - Bullet3D - Handout 05\ModuleSceneIntro.cpp(303,69): warning C4305: 'argumento': truncamiento de 'double' a 'float'
C:\Users\Alex Becerra\Documents\GitHub\OpenGL\Physics II - Bullet3D - Handout 05\ModuleSceneIntro.cpp(306,57): warning C4305: 'argumento': truncamiento de 'double' a 'float'
C:\Users\Alex Becerra\Documents\GitHub\OpenGL\Physics II - Bullet3D - Handout 05\ModuleSceneIntro.cpp(309,63): warning C4305: 'argumento': truncamiento de 'double' a 'float'
C:\Users\Alex Becerra\Documents\GitHub\OpenGL\Physics II - Bullet3D - Handout 05\ModuleSceneIntro.cpp(310,65): warning C4305: 'argumento': truncamiento de 'double' a 'float'
C:\Users\Alex Becerra\Documents\GitHub\OpenGL\Physics II - Bullet3D - Handout 05\ModuleSceneIntro.cpp(311,66): warning C4305: 'argumento': truncamiento de 'double' a 'float'
C:\Users\Alex Becerra\Documents\GitHub\OpenGL\Physics II - Bullet3D - Handout 05\ModuleSceneIntro.cpp(312,66): warning C4305: 'argumento': truncamiento de 'double' a 'float'
C:\Users\Alex Becerra\Documents\GitHub\OpenGL\Physics II - Bullet3D - Handout 05\ModuleSceneIntro.cpp(313,66): warning C4305: 'argumento': truncamiento de 'double' a 'float'
C:\Users\Alex Becerra\Documents\GitHub\OpenGL\Physics II - Bullet3D - Handout 05\ModuleSceneIntro.cpp(320,64): warning C4305: 'argumento': truncamiento de 'double' a 'float'
C:\Users\Alex Becerra\Documents\GitHub\OpenGL\Physics II - Bullet3D - Handout 05\ModuleSceneIntro.cpp(321,64): warning C4305: 'argumento': truncamiento de 'double' a 'float'
C:\Users\Alex Becerra\Documents\GitHub\OpenGL\Physics II - Bullet3D - Handout 05\ModuleSceneIntro.cpp(322,64): warning C4305: 'argumento': truncamiento de 'double' a 'float'
C:\Users\Alex Becerra\Documents\GitHub\OpenGL\Physics II - Bullet3D - Handout 05\ModuleSceneIntro.cpp(323,65): warning C4305: 'argumento': truncamiento de 'double' a 'float'
C:\Users\Alex Becerra\Documents\GitHub\OpenGL\Physics II - Bullet3D - Handout 05\ModuleSceneIntro.cpp(324,64): warning C4305: 'argumento': truncamiento de 'double' a 'float'
C:\Users\Alex Becerra\Documents\GitHub\OpenGL\Physics II - Bullet3D - Handout 05\ModuleSceneIntro.cpp(325,64): warning C4305: 'argumento': truncamiento de 'double' a 'float'
C:\Users\Alex Becerra\Documents\GitHub\OpenGL\Physics II - Bullet3D - Handout 05\ModuleSceneIntro.cpp(328,68): warning C4305: 'argumento': truncamiento de 'double' a 'float'
C:\Users\Alex Becerra\Documents\GitHub\OpenGL\Physics II - Bullet3D - Handout 05\ModuleSceneIntro.cpp(329,72): warning C4305: 'argumento': truncamiento de 'double' a 'float'
C:\Users\Alex Becerra\Documents\GitHub\OpenGL\Physics II - Bullet3D - Handout 05\ModuleSceneIntro.cpp(330,72): warning C4305: 'argumento': truncamiento de 'double' a 'float'
C:\Users\Alex Becerra\Documents\GitHub\OpenGL\Physics II - Bullet3D - Handout 05\ModuleSceneIntro.cpp(331,73): warning C4305: 'argumento': truncamiento de 'double' a 'float'
C:\Users\Alex Becerra\Documents\GitHub\OpenGL\Physics II - Bullet3D - Handout 05\ModuleSceneIntro.cpp(332,73): warning C4305: 'argumento': truncamiento de 'double' a 'float'
C:\Users\Alex Becerra\Documents\GitHub\OpenGL\Physics II - Bullet3D - Handout 05\ModuleSceneIntro.cpp(339,72): warning C4305: 'argumento': truncamiento de 'double' a 'float'
C:\Users\Alex Becerra\Documents\GitHub\OpenGL\Physics II - Bullet3D - Handout 05\ModuleSceneIntro.cpp(340,75): warning C4305: 'argumento': truncamiento de 'double' a 'float'
C:\Users\Alex Becerra\Documents\GitHub\OpenGL\Physics II - Bullet3D - Handout 05\ModuleSceneIntro.cpp(341,75): warning C4305: 'argumento': truncamiento de 'double' a 'float'
C:\Users\Alex Becerra\Documents\GitHub\OpenGL\Physics II - Bullet3D - Handout 05\ModuleSceneIntro.cpp(342,75): warning C4305: 'argumento': truncamiento de 'double' a 'float'
C:\Users\Alex Becerra\Documents\GitHub\OpenGL\Physics II - Bullet3D - Handout 05\ModuleSceneIntro.cpp(343,75): warning C4305: 'argumento': truncamiento de 'double' a 'float'
C:\Users\Alex Becerra\Documents\GitHub\OpenGL\Physics II - Bullet3D - Handout 05\ModuleSceneIntro.cpp(361,26): warning C4244: 'argumento': conversión de 'float' a 'int'; posible pérdida de datos
C:\Users\Alex Becerra\Documents\GitHub\OpenGL\Physics II - Bullet3D - Handout 05\ModuleSceneIntro.cpp(545,24): warning C4244: 'argumento': conversión de 'int' a 'float'; posible pérdida de datos
C:\Users\Alex Becerra\Documents\GitHub\OpenGL\Physics II - Bullet3D - Handout 05\ModuleSceneIntro.cpp(548,24): warning C4244: 'argumento': conversión de 'int' a 'float'; posible pérdida de datos
C:\Users\Alex Becerra\Documents\GitHub\OpenGL\Physics II - Bullet3D - Handout 05\ModuleSceneIntro.cpp(551,24): warning C4244: 'argumento': conversión de 'int' a 'float'; posible pérdida de datos
C:\Users\Alex Becerra\Documents\GitHub\OpenGL\Physics II - Bullet3D - Handout 05\ModuleSceneIntro.cpp(571,6): warning C4805: '==': combinación no segura del tipo 'float' y el tipo 'bool' en la operación
C:\Users\Alex Becerra\Documents\GitHub\OpenGL\Physics II - Bullet3D - Handout 05\ModuleSceneIntro.cpp(574,6): warning C4805: '==': combinación no segura del tipo 'float' y el tipo 'bool' en la operación
C:\Users\Alex Becerra\Documents\GitHub\OpenGL\Physics II - Bullet3D - Handout 05\ModuleSceneIntro.cpp(577,6): warning C4805: '==': combinación no segura del tipo 'float' y el tipo 'bool' en la operación
  3D Physics.vcxproj -> C:\Users\Alex Becerra\Documents\GitHub\OpenGL\Physics II - Bullet3D - Handout 05\Debug\3D Physics - class5.exe
